<?xml version="1.0" encoding="UTF-8"?>
<!-- Generated by org.testng.reporters.JUnitXMLReporter -->
<testsuite ignored="0" hostname="LAPTOP-RTGV64HI" failures="3" tests="3" name="Test2" time="65.544" errors="0" timestamp="2024-03-19T14:41:09 IST">
  <testcase classname="shoppers_stack.TC_01_Rigistration" name="rigistration" time="16.463">
    <failure type="org.openqa.selenium.ElementClickInterceptedException" message="Element &amp;lt;button id=&amp;quot;loginBtn&amp;quot; class=&amp;quot;navbar_Loginbutton__O9-64&amp;quot; name=&amp;quot;loginBtn&amp;quot;&amp;gt; is not clickable at point (1098,32) because another element &amp;lt;div class=&amp;quot;MuiBackdrop-root css-ltl3a3&amp;quot;&amp;gt; obscures it
Build info: version: &amp;apos;4.11.0&amp;apos;, revision: &amp;apos;040bc5406b&amp;apos;
System info: os.name: &amp;apos;Windows 11&amp;apos;, os.arch: &amp;apos;amd64&amp;apos;, os.version: &amp;apos;10.0&amp;apos;, java.version: &amp;apos;19.0.1&amp;apos;
Driver info: org.openqa.selenium.firefox.FirefoxDriver
Command: [ac795d03-0a6d-4d7d-aff9-664695b94ef7, clickElement {id=278b61ab-48ff-440f-a6ea-803283fed026}]
Capabilities {acceptInsecureCerts: true, browserName: firefox, browserVersion: 122.0, moz:accessibilityChecks: false, moz:buildID: 20240118164516, moz:debuggerAddress: 127.0.0.1:3910, moz:geckodriverVersion: 0.34.0, moz:headless: false, moz:platformVersion: 10.0, moz:processID: 15520, moz:profile: C:\Users\prave\AppData\Loca..., moz:shutdownTimeout: 60000, moz:webdriverClick: true, moz:windowless: false, pageLoadStrategy: normal, platformName: windows, proxy: Proxy(), se:cdp: ws://127.0.0.1:3910/devtool..., se:cdpVersion: 85.0, setWindowRect: true, strictFileInteractability: false, timeouts: {implicit: 0, pageLoad: 300000, script: 30000}, unhandledPromptBehavior: dismiss and notify}
Element: [[FirefoxDriver: firefox on windows (ac795d03-0a6d-4d7d-aff9-664695b94ef7)] -&amp;gt; name: loginBtn]
Session ID: ac795d03-0a6d-4d7d-aff9-664695b94ef7">
      <![CDATA[org.openqa.selenium.ElementClickInterceptedException: Element <button id="loginBtn" class="navbar_Loginbutton__O9-64" name="loginBtn"> is not clickable at point (1098,32) because another element <div class="MuiBackdrop-root css-ltl3a3"> obscures it
Build info: version: '4.11.0', revision: '040bc5406b'
System info: os.name: 'Windows 11', os.arch: 'amd64', os.version: '10.0', java.version: '19.0.1'
Driver info: org.openqa.selenium.firefox.FirefoxDriver
Command: [ac795d03-0a6d-4d7d-aff9-664695b94ef7, clickElement {id=278b61ab-48ff-440f-a6ea-803283fed026}]
Capabilities {acceptInsecureCerts: true, browserName: firefox, browserVersion: 122.0, moz:accessibilityChecks: false, moz:buildID: 20240118164516, moz:debuggerAddress: 127.0.0.1:3910, moz:geckodriverVersion: 0.34.0, moz:headless: false, moz:platformVersion: 10.0, moz:processID: 15520, moz:profile: C:\Users\prave\AppData\Loca..., moz:shutdownTimeout: 60000, moz:webdriverClick: true, moz:windowless: false, pageLoadStrategy: normal, platformName: windows, proxy: Proxy(), se:cdp: ws://127.0.0.1:3910/devtool..., se:cdpVersion: 85.0, setWindowRect: true, strictFileInteractability: false, timeouts: {implicit: 0, pageLoad: 300000, script: 30000}, unhandledPromptBehavior: dismiss and notify}
Element: [[FirefoxDriver: firefox on windows (ac795d03-0a6d-4d7d-aff9-664695b94ef7)] -> name: loginBtn]
Session ID: ac795d03-0a6d-4d7d-aff9-664695b94ef7
at org.openqa.selenium.remote.codec.w3c.W3CHttpResponseCodec.createException(W3CHttpResponseCodec.java:200)
at org.openqa.selenium.remote.codec.w3c.W3CHttpResponseCodec.decode(W3CHttpResponseCodec.java:133)
at org.openqa.selenium.remote.codec.w3c.W3CHttpResponseCodec.decode(W3CHttpResponseCodec.java:52)
at org.openqa.selenium.remote.HttpCommandExecutor.execute(HttpCommandExecutor.java:191)
at org.openqa.selenium.remote.service.DriverCommandExecutor.invokeExecute(DriverCommandExecutor.java:196)
at org.openqa.selenium.remote.service.DriverCommandExecutor.execute(DriverCommandExecutor.java:171)
at org.openqa.selenium.remote.RemoteWebDriver.execute(RemoteWebDriver.java:518)
at org.openqa.selenium.remote.RemoteWebElement.execute(RemoteWebElement.java:224)
at org.openqa.selenium.remote.RemoteWebElement.click(RemoteWebElement.java:77)
at shoppers_stack.TC_01_Rigistration.rigistration(TC_01_Rigistration.java:34)
at java.base/java.util.ArrayList.forEach(ArrayList.java:1511)
... Removed 28 stack frames]]>
    </failure>
  </testcase> <!-- rigistration -->
  <testcase classname="shoppers_stack.TC_02_Login" name="login" time="27.456">
    <failure type="org.openqa.selenium.ElementClickInterceptedException" message="Element &amp;lt;button id=&amp;quot;loginBtn&amp;quot; class=&amp;quot;navbar_Loginbutton__O9-64&amp;quot; name=&amp;quot;loginBtn&amp;quot;&amp;gt; is not clickable at point (1315,36) because another element &amp;lt;div class=&amp;quot;MuiBackdrop-root css-ltl3a3&amp;quot;&amp;gt; obscures it
Build info: version: &amp;apos;4.11.0&amp;apos;, revision: &amp;apos;040bc5406b&amp;apos;
System info: os.name: &amp;apos;Windows 11&amp;apos;, os.arch: &amp;apos;amd64&amp;apos;, os.version: &amp;apos;10.0&amp;apos;, java.version: &amp;apos;19.0.1&amp;apos;
Driver info: org.openqa.selenium.firefox.FirefoxDriver
Command: [8614d3f6-df2f-4a77-add3-c1e8310cc4b3, clickElement {id=3ff6a65d-d867-4ebf-bf50-ca6c80196e96}]
Capabilities {acceptInsecureCerts: true, browserName: firefox, browserVersion: 122.0, moz:accessibilityChecks: false, moz:buildID: 20240118164516, moz:debuggerAddress: 127.0.0.1:3586, moz:geckodriverVersion: 0.34.0, moz:headless: false, moz:platformVersion: 10.0, moz:processID: 10924, moz:profile: C:\Users\prave\AppData\Loca..., moz:shutdownTimeout: 60000, moz:webdriverClick: true, moz:windowless: false, pageLoadStrategy: normal, platformName: windows, proxy: Proxy(), se:cdp: ws://127.0.0.1:3586/devtool..., se:cdpVersion: 85.0, setWindowRect: true, strictFileInteractability: false, timeouts: {implicit: 0, pageLoad: 300000, script: 30000}, unhandledPromptBehavior: dismiss and notify}
Element: [[FirefoxDriver: firefox on windows (8614d3f6-df2f-4a77-add3-c1e8310cc4b3)] -&amp;gt; name: loginBtn]
Session ID: 8614d3f6-df2f-4a77-add3-c1e8310cc4b3">
      <![CDATA[org.openqa.selenium.ElementClickInterceptedException: Element <button id="loginBtn" class="navbar_Loginbutton__O9-64" name="loginBtn"> is not clickable at point (1315,36) because another element <div class="MuiBackdrop-root css-ltl3a3"> obscures it
Build info: version: '4.11.0', revision: '040bc5406b'
System info: os.name: 'Windows 11', os.arch: 'amd64', os.version: '10.0', java.version: '19.0.1'
Driver info: org.openqa.selenium.firefox.FirefoxDriver
Command: [8614d3f6-df2f-4a77-add3-c1e8310cc4b3, clickElement {id=3ff6a65d-d867-4ebf-bf50-ca6c80196e96}]
Capabilities {acceptInsecureCerts: true, browserName: firefox, browserVersion: 122.0, moz:accessibilityChecks: false, moz:buildID: 20240118164516, moz:debuggerAddress: 127.0.0.1:3586, moz:geckodriverVersion: 0.34.0, moz:headless: false, moz:platformVersion: 10.0, moz:processID: 10924, moz:profile: C:\Users\prave\AppData\Loca..., moz:shutdownTimeout: 60000, moz:webdriverClick: true, moz:windowless: false, pageLoadStrategy: normal, platformName: windows, proxy: Proxy(), se:cdp: ws://127.0.0.1:3586/devtool..., se:cdpVersion: 85.0, setWindowRect: true, strictFileInteractability: false, timeouts: {implicit: 0, pageLoad: 300000, script: 30000}, unhandledPromptBehavior: dismiss and notify}
Element: [[FirefoxDriver: firefox on windows (8614d3f6-df2f-4a77-add3-c1e8310cc4b3)] -> name: loginBtn]
Session ID: 8614d3f6-df2f-4a77-add3-c1e8310cc4b3
at org.openqa.selenium.remote.codec.w3c.W3CHttpResponseCodec.createException(W3CHttpResponseCodec.java:200)
at org.openqa.selenium.remote.codec.w3c.W3CHttpResponseCodec.decode(W3CHttpResponseCodec.java:133)
at org.openqa.selenium.remote.codec.w3c.W3CHttpResponseCodec.decode(W3CHttpResponseCodec.java:52)
at org.openqa.selenium.remote.HttpCommandExecutor.execute(HttpCommandExecutor.java:191)
at org.openqa.selenium.remote.service.DriverCommandExecutor.invokeExecute(DriverCommandExecutor.java:196)
at org.openqa.selenium.remote.service.DriverCommandExecutor.execute(DriverCommandExecutor.java:171)
at org.openqa.selenium.remote.RemoteWebDriver.execute(RemoteWebDriver.java:518)
at org.openqa.selenium.remote.RemoteWebElement.execute(RemoteWebElement.java:224)
at org.openqa.selenium.remote.RemoteWebElement.click(RemoteWebElement.java:77)
at shoppers_stack.TC_02_Login.login(TC_02_Login.java:29)
at java.base/java.util.ArrayList.forEach(ArrayList.java:1511)
... Removed 28 stack frames]]>
    </failure>
  </testcase> <!-- login -->
  <testcase classname="shoppers_stack.TC_03_Mens" name="mens" time="21.607">
    <failure type="org.openqa.selenium.ElementClickInterceptedException" message="Element &amp;lt;button id=&amp;quot;loginBtn&amp;quot; class=&amp;quot;navbar_Loginbutton__O9-64&amp;quot; name=&amp;quot;loginBtn&amp;quot;&amp;gt; is not clickable at point (1315,36) because another element &amp;lt;div class=&amp;quot;MuiBackdrop-root css-ltl3a3&amp;quot;&amp;gt; obscures it
Build info: version: &amp;apos;4.11.0&amp;apos;, revision: &amp;apos;040bc5406b&amp;apos;
System info: os.name: &amp;apos;Windows 11&amp;apos;, os.arch: &amp;apos;amd64&amp;apos;, os.version: &amp;apos;10.0&amp;apos;, java.version: &amp;apos;19.0.1&amp;apos;
Driver info: org.openqa.selenium.firefox.FirefoxDriver
Command: [e0456582-ba95-474a-ad6d-3f9f6bc95b47, clickElement {id=487d3a49-69d1-4e6e-8903-97478fde856e}]
Capabilities {acceptInsecureCerts: true, browserName: firefox, browserVersion: 122.0, moz:accessibilityChecks: false, moz:buildID: 20240118164516, moz:debuggerAddress: 127.0.0.1:18717, moz:geckodriverVersion: 0.34.0, moz:headless: false, moz:platformVersion: 10.0, moz:processID: 7612, moz:profile: C:\Users\prave\AppData\Loca..., moz:shutdownTimeout: 60000, moz:webdriverClick: true, moz:windowless: false, pageLoadStrategy: normal, platformName: windows, proxy: Proxy(), se:cdp: ws://127.0.0.1:18717/devtoo..., se:cdpVersion: 85.0, setWindowRect: true, strictFileInteractability: false, timeouts: {implicit: 0, pageLoad: 300000, script: 30000}, unhandledPromptBehavior: dismiss and notify}
Element: [[FirefoxDriver: firefox on windows (e0456582-ba95-474a-ad6d-3f9f6bc95b47)] -&amp;gt; name: loginBtn]
Session ID: e0456582-ba95-474a-ad6d-3f9f6bc95b47">
      <![CDATA[org.openqa.selenium.ElementClickInterceptedException: Element <button id="loginBtn" class="navbar_Loginbutton__O9-64" name="loginBtn"> is not clickable at point (1315,36) because another element <div class="MuiBackdrop-root css-ltl3a3"> obscures it
Build info: version: '4.11.0', revision: '040bc5406b'
System info: os.name: 'Windows 11', os.arch: 'amd64', os.version: '10.0', java.version: '19.0.1'
Driver info: org.openqa.selenium.firefox.FirefoxDriver
Command: [e0456582-ba95-474a-ad6d-3f9f6bc95b47, clickElement {id=487d3a49-69d1-4e6e-8903-97478fde856e}]
Capabilities {acceptInsecureCerts: true, browserName: firefox, browserVersion: 122.0, moz:accessibilityChecks: false, moz:buildID: 20240118164516, moz:debuggerAddress: 127.0.0.1:18717, moz:geckodriverVersion: 0.34.0, moz:headless: false, moz:platformVersion: 10.0, moz:processID: 7612, moz:profile: C:\Users\prave\AppData\Loca..., moz:shutdownTimeout: 60000, moz:webdriverClick: true, moz:windowless: false, pageLoadStrategy: normal, platformName: windows, proxy: Proxy(), se:cdp: ws://127.0.0.1:18717/devtoo..., se:cdpVersion: 85.0, setWindowRect: true, strictFileInteractability: false, timeouts: {implicit: 0, pageLoad: 300000, script: 30000}, unhandledPromptBehavior: dismiss and notify}
Element: [[FirefoxDriver: firefox on windows (e0456582-ba95-474a-ad6d-3f9f6bc95b47)] -> name: loginBtn]
Session ID: e0456582-ba95-474a-ad6d-3f9f6bc95b47
at org.openqa.selenium.remote.codec.w3c.W3CHttpResponseCodec.createException(W3CHttpResponseCodec.java:200)
at org.openqa.selenium.remote.codec.w3c.W3CHttpResponseCodec.decode(W3CHttpResponseCodec.java:133)
at org.openqa.selenium.remote.codec.w3c.W3CHttpResponseCodec.decode(W3CHttpResponseCodec.java:52)
at org.openqa.selenium.remote.HttpCommandExecutor.execute(HttpCommandExecutor.java:191)
at org.openqa.selenium.remote.service.DriverCommandExecutor.invokeExecute(DriverCommandExecutor.java:196)
at org.openqa.selenium.remote.service.DriverCommandExecutor.execute(DriverCommandExecutor.java:171)
at org.openqa.selenium.remote.RemoteWebDriver.execute(RemoteWebDriver.java:518)
at org.openqa.selenium.remote.RemoteWebElement.execute(RemoteWebElement.java:224)
at org.openqa.selenium.remote.RemoteWebElement.click(RemoteWebElement.java:77)
at shoppers_stack.TC_03_Mens.mens(TC_03_Mens.java:29)
at java.base/java.util.ArrayList.forEach(ArrayList.java:1511)
... Removed 28 stack frames]]>
    </failure>
  </testcase> <!-- mens -->
</testsuite> <!-- Test2 -->
